Analysis & Synthesis report for MIPS_Processor
Mon Dec 25 08:26:09 2023
Quartus Prime Version 21.1.0 Build 842 10/21/2021 SJ Lite Edition


---------------------
; Table of Contents ;
---------------------
  1. Legal Notice
  2. Analysis & Synthesis Summary
  3. Analysis & Synthesis Settings
  4. Parallel Compilation
  5. Analysis & Synthesis Source Files Read
  6. Analysis & Synthesis Resource Usage Summary
  7. Analysis & Synthesis Resource Utilization by Entity
  8. Analysis & Synthesis DSP Block Usage Summary
  9. Registers Removed During Synthesis
 10. General Register Statistics
 11. Multiplexer Restructuring Statistics (Restructuring Performed)
 12. Parameter Settings for Inferred Entity Instance: lpm_mult:Mult0
 13. lpm_mult Parameter Settings by Entity Instance
 14. Post-Synthesis Netlist Statistics for Top Partition
 15. Elapsed Time Per Partition
 16. Analysis & Synthesis Messages



----------------
; Legal Notice ;
----------------
Copyright (C) 2021  Intel Corporation. All rights reserved.
Your use of Intel Corporation's design tools, logic functions 
and other software and tools, and any partner logic 
functions, and any output files from any of the foregoing 
(including device programming or simulation files), and any 
associated documentation or information are expressly subject 
to the terms and conditions of the Intel Program License 
Subscription Agreement, the Intel Quartus Prime License Agreement,
the Intel FPGA IP License Agreement, or other applicable license
agreement, including, without limitation, that your use is for
the sole purpose of programming logic devices manufactured by
Intel and sold by Intel or its authorized distributors.  Please
refer to the applicable agreement for further details, at
https://fpgasoftware.intel.com/eula.



+----------------------------------------------------------------------------------+
; Analysis & Synthesis Summary                                                     ;
+------------------------------------+---------------------------------------------+
; Analysis & Synthesis Status        ; Successful - Mon Dec 25 08:26:09 2023       ;
; Quartus Prime Version              ; 21.1.0 Build 842 10/21/2021 SJ Lite Edition ;
; Revision Name                      ; MIPS_Processor                              ;
; Top-level Entity Name              ; MIPS_Processor                              ;
; Family                             ; Cyclone IV E                                ;
; Total logic elements               ; 302                                         ;
;     Total combinational functions  ; 278                                         ;
;     Dedicated logic registers      ; 66                                          ;
; Total registers                    ; 66                                          ;
; Total pins                         ; 26                                          ;
; Total virtual pins                 ; 0                                           ;
; Total memory bits                  ; 0                                           ;
; Embedded Multiplier 9-bit elements ; 1                                           ;
; Total PLLs                         ; 0                                           ;
+------------------------------------+---------------------------------------------+


+------------------------------------------------------------------------------------------------------------+
; Analysis & Synthesis Settings                                                                              ;
+------------------------------------------------------------------+--------------------+--------------------+
; Option                                                           ; Setting            ; Default Value      ;
+------------------------------------------------------------------+--------------------+--------------------+
; Device                                                           ; EP4CE6E22C8        ;                    ;
; Top-level entity name                                            ; MIPS_Processor     ; MIPS_Processor     ;
; Family name                                                      ; Cyclone IV E       ; Cyclone V          ;
; Use smart compilation                                            ; Off                ; Off                ;
; Enable parallel Assembler and Timing Analyzer during compilation ; On                 ; On                 ;
; Enable compact report table                                      ; Off                ; Off                ;
; Restructure Multiplexers                                         ; Auto               ; Auto               ;
; Create Debugging Nodes for IP Cores                              ; Off                ; Off                ;
; Preserve fewer node names                                        ; On                 ; On                 ;
; Intel FPGA IP Evaluation Mode                                    ; Enable             ; Enable             ;
; Verilog Version                                                  ; Verilog_2001       ; Verilog_2001       ;
; VHDL Version                                                     ; VHDL_1993          ; VHDL_1993          ;
; State Machine Processing                                         ; Auto               ; Auto               ;
; Safe State Machine                                               ; Off                ; Off                ;
; Extract Verilog State Machines                                   ; On                 ; On                 ;
; Extract VHDL State Machines                                      ; On                 ; On                 ;
; Ignore Verilog initial constructs                                ; Off                ; Off                ;
; Iteration limit for constant Verilog loops                       ; 5000               ; 5000               ;
; Iteration limit for non-constant Verilog loops                   ; 250                ; 250                ;
; Add Pass-Through Logic to Inferred RAMs                          ; On                 ; On                 ;
; Infer RAMs from Raw Logic                                        ; On                 ; On                 ;
; Parallel Synthesis                                               ; On                 ; On                 ;
; DSP Block Balancing                                              ; Auto               ; Auto               ;
; NOT Gate Push-Back                                               ; On                 ; On                 ;
; Power-Up Don't Care                                              ; On                 ; On                 ;
; Remove Redundant Logic Cells                                     ; Off                ; Off                ;
; Remove Duplicate Registers                                       ; On                 ; On                 ;
; Ignore CARRY Buffers                                             ; Off                ; Off                ;
; Ignore CASCADE Buffers                                           ; Off                ; Off                ;
; Ignore GLOBAL Buffers                                            ; Off                ; Off                ;
; Ignore ROW GLOBAL Buffers                                        ; Off                ; Off                ;
; Ignore LCELL Buffers                                             ; Off                ; Off                ;
; Ignore SOFT Buffers                                              ; On                 ; On                 ;
; Limit AHDL Integers to 32 Bits                                   ; Off                ; Off                ;
; Optimization Technique                                           ; Balanced           ; Balanced           ;
; Carry Chain Length                                               ; 70                 ; 70                 ;
; Auto Carry Chains                                                ; On                 ; On                 ;
; Auto Open-Drain Pins                                             ; On                 ; On                 ;
; Perform WYSIWYG Primitive Resynthesis                            ; Off                ; Off                ;
; Auto ROM Replacement                                             ; On                 ; On                 ;
; Auto RAM Replacement                                             ; On                 ; On                 ;
; Auto DSP Block Replacement                                       ; On                 ; On                 ;
; Auto Shift Register Replacement                                  ; Auto               ; Auto               ;
; Allow Shift Register Merging across Hierarchies                  ; Auto               ; Auto               ;
; Auto Clock Enable Replacement                                    ; On                 ; On                 ;
; Strict RAM Replacement                                           ; Off                ; Off                ;
; Allow Synchronous Control Signals                                ; On                 ; On                 ;
; Force Use of Synchronous Clear Signals                           ; Off                ; Off                ;
; Auto RAM Block Balancing                                         ; On                 ; On                 ;
; Auto RAM to Logic Cell Conversion                                ; Off                ; Off                ;
; Auto Resource Sharing                                            ; Off                ; Off                ;
; Allow Any RAM Size For Recognition                               ; Off                ; Off                ;
; Allow Any ROM Size For Recognition                               ; Off                ; Off                ;
; Allow Any Shift Register Size For Recognition                    ; Off                ; Off                ;
; Use LogicLock Constraints during Resource Balancing              ; On                 ; On                 ;
; Ignore translate_off and synthesis_off directives                ; Off                ; Off                ;
; Timing-Driven Synthesis                                          ; On                 ; On                 ;
; Report Parameter Settings                                        ; On                 ; On                 ;
; Report Source Assignments                                        ; On                 ; On                 ;
; Report Connectivity Checks                                       ; On                 ; On                 ;
; Ignore Maximum Fan-Out Assignments                               ; Off                ; Off                ;
; Synchronization Register Chain Length                            ; 2                  ; 2                  ;
; Power Optimization During Synthesis                              ; Normal compilation ; Normal compilation ;
; HDL message level                                                ; Level2             ; Level2             ;
; Suppress Register Optimization Related Messages                  ; Off                ; Off                ;
; Number of Removed Registers Reported in Synthesis Report         ; 5000               ; 5000               ;
; Number of Swept Nodes Reported in Synthesis Report               ; 5000               ; 5000               ;
; Number of Inverted Registers Reported in Synthesis Report        ; 100                ; 100                ;
; Clock MUX Protection                                             ; On                 ; On                 ;
; Auto Gated Clock Conversion                                      ; Off                ; Off                ;
; Block Design Naming                                              ; Auto               ; Auto               ;
; SDC constraint protection                                        ; Off                ; Off                ;
; Synthesis Effort                                                 ; Auto               ; Auto               ;
; Shift Register Replacement - Allow Asynchronous Clear Signal     ; On                 ; On                 ;
; Pre-Mapping Resynthesis Optimization                             ; Off                ; Off                ;
; Analysis & Synthesis Message Level                               ; Medium             ; Medium             ;
; Disable Register Merging Across Hierarchies                      ; Auto               ; Auto               ;
; Resource Aware Inference For Block RAM                           ; On                 ; On                 ;
+------------------------------------------------------------------+--------------------+--------------------+


+------------------------------------------+
; Parallel Compilation                     ;
+----------------------------+-------------+
; Processors                 ; Number      ;
+----------------------------+-------------+
; Number detected on machine ; 12          ;
; Maximum allowed            ; 12          ;
;                            ;             ;
; Average used               ; 1.00        ;
; Maximum used               ; 12          ;
;                            ;             ;
; Usage by Processor         ; % Time Used ;
;     Processor 1            ; 100.0%      ;
;     Processors 2-12        ;   0.0%      ;
+----------------------------+-------------+


+----------------------------------------------------------------------------------------------------------------------------------------------------------------------+
; Analysis & Synthesis Source Files Read                                                                                                                               ;
+----------------------------------+-----------------+------------------------------+------------------------------------------------------------------------+---------+
; File Name with User-Entered Path ; Used in Netlist ; File Type                    ; File Name with Absolute Path                                           ; Library ;
+----------------------------------+-----------------+------------------------------+------------------------------------------------------------------------+---------+
; MIPS_Processor.vhd               ; yes             ; User VHDL File               ; D:/Y2S1/Computer Architecture/MIPS_Processor/MIPS_Processor.vhd        ;         ;
; lpm_mult.tdf                     ; yes             ; Megafunction                 ; c:/intelfpga_lite/21.1/quartus/libraries/megafunctions/lpm_mult.tdf    ;         ;
; aglobal211.inc                   ; yes             ; Megafunction                 ; c:/intelfpga_lite/21.1/quartus/libraries/megafunctions/aglobal211.inc  ;         ;
; lpm_add_sub.inc                  ; yes             ; Megafunction                 ; c:/intelfpga_lite/21.1/quartus/libraries/megafunctions/lpm_add_sub.inc ;         ;
; multcore.inc                     ; yes             ; Megafunction                 ; c:/intelfpga_lite/21.1/quartus/libraries/megafunctions/multcore.inc    ;         ;
; bypassff.inc                     ; yes             ; Megafunction                 ; c:/intelfpga_lite/21.1/quartus/libraries/megafunctions/bypassff.inc    ;         ;
; altshift.inc                     ; yes             ; Megafunction                 ; c:/intelfpga_lite/21.1/quartus/libraries/megafunctions/altshift.inc    ;         ;
; db/mult_aat.tdf                  ; yes             ; Auto-Generated Megafunction  ; D:/Y2S1/Computer Architecture/MIPS_Processor/db/mult_aat.tdf           ;         ;
+----------------------------------+-----------------+------------------------------+------------------------------------------------------------------------+---------+


+---------------------------------------------------------+
; Analysis & Synthesis Resource Usage Summary             ;
+---------------------------------------------+-----------+
; Resource                                    ; Usage     ;
+---------------------------------------------+-----------+
; Estimated Total logic elements              ; 302       ;
;                                             ;           ;
; Total combinational functions               ; 278       ;
; Logic element usage by number of LUT inputs ;           ;
;     -- 4 input functions                    ; 101       ;
;     -- 3 input functions                    ; 117       ;
;     -- <=2 input functions                  ; 60        ;
;                                             ;           ;
; Logic elements by mode                      ;           ;
;     -- normal mode                          ; 211       ;
;     -- arithmetic mode                      ; 67        ;
;                                             ;           ;
; Total registers                             ; 66        ;
;     -- Dedicated logic registers            ; 66        ;
;     -- I/O registers                        ; 0         ;
;                                             ;           ;
; I/O pins                                    ; 26        ;
;                                             ;           ;
; Embedded Multiplier 9-bit elements          ; 1         ;
;                                             ;           ;
; Maximum fan-out node                        ; clk~input ;
; Maximum fan-out                             ; 66        ;
; Total fan-out                               ; 1167      ;
; Average fan-out                             ; 2.93      ;
+---------------------------------------------+-----------+


+-----------------------------------------------------------------------------------------------------------------------------------------------------------------------------------------------------------------------------------------------------+
; Analysis & Synthesis Resource Utilization by Entity                                                                                                                                                                                                 ;
+---------------------------------+---------------------+---------------------------+-------------+--------------+---------+-----------+------+--------------+--------------------------------------------------------+----------------+--------------+
; Compilation Hierarchy Node      ; Combinational ALUTs ; Dedicated Logic Registers ; Memory Bits ; DSP Elements ; DSP 9x9 ; DSP 18x18 ; Pins ; Virtual Pins ; Full Hierarchy Name                                    ; Entity Name    ; Library Name ;
+---------------------------------+---------------------+---------------------------+-------------+--------------+---------+-----------+------+--------------+--------------------------------------------------------+----------------+--------------+
; |MIPS_Processor                 ; 278 (278)           ; 66 (66)                   ; 0           ; 1            ; 1       ; 0         ; 26   ; 0            ; |MIPS_Processor                                        ; MIPS_Processor ; work         ;
;    |lpm_mult:Mult0|             ; 0 (0)               ; 0 (0)                     ; 0           ; 1            ; 1       ; 0         ; 0    ; 0            ; |MIPS_Processor|lpm_mult:Mult0                         ; lpm_mult       ; work         ;
;       |mult_aat:auto_generated| ; 0 (0)               ; 0 (0)                     ; 0           ; 1            ; 1       ; 0         ; 0    ; 0            ; |MIPS_Processor|lpm_mult:Mult0|mult_aat:auto_generated ; mult_aat       ; work         ;
+---------------------------------+---------------------+---------------------------+-------------+--------------+---------+-----------+------+--------------+--------------------------------------------------------+----------------+--------------+
Note: For table entries with two numbers listed, the numbers in parentheses indicate the number of resources of the given type used by the specific entity alone. The numbers listed outside of parentheses indicate the total resources of the given type used by the specific entity and all of its sub-entities in the hierarchy.


+-----------------------------------------------------+
; Analysis & Synthesis DSP Block Usage Summary        ;
+---------------------------------------+-------------+
; Statistic                             ; Number Used ;
+---------------------------------------+-------------+
; Simple Multipliers (9-bit)            ; 1           ;
; Simple Multipliers (18-bit)           ; 0           ;
; Embedded Multiplier Blocks            ; --          ;
; Embedded Multiplier 9-bit elements    ; 1           ;
; Signed Embedded Multipliers           ; 0           ;
; Unsigned Embedded Multipliers         ; 1           ;
; Mixed Sign Embedded Multipliers       ; 0           ;
; Variable Sign Embedded Multipliers    ; 0           ;
; Dedicated Input Shift Register Chains ; 0           ;
+---------------------------------------+-------------+
Note: number of Embedded Multiplier Blocks used is only available after a successful fit.


+-------------------------------------------------------------+
; Registers Removed During Synthesis                          ;
+----------------------------------------+--------------------+
; Register name                          ; Reason for Removal ;
+----------------------------------------+--------------------+
; MyRAM~52                               ; Lost fanout        ;
; MyRAM~53                               ; Lost fanout        ;
; MyRAM~54                               ; Lost fanout        ;
; MyRAM~55                               ; Lost fanout        ;
; MyRAM~56                               ; Lost fanout        ;
; MyRAM~57                               ; Lost fanout        ;
; MyRAM~58                               ; Lost fanout        ;
; MyRAM~59                               ; Lost fanout        ;
; MyRAM~60                               ; Lost fanout        ;
; MyRAM~61                               ; Lost fanout        ;
; MyRAM~62                               ; Lost fanout        ;
; MyRAM~63                               ; Lost fanout        ;
; MyRAM~64                               ; Lost fanout        ;
; MyRAM~65                               ; Lost fanout        ;
; MyRAM~66                               ; Lost fanout        ;
; MyRAM~67                               ; Lost fanout        ;
; MyRAM~68                               ; Lost fanout        ;
; MyRAM~69                               ; Lost fanout        ;
; MyRAM~70                               ; Lost fanout        ;
; MyRAM~71                               ; Lost fanout        ;
; MyRAM~72                               ; Lost fanout        ;
; MyRAM~73                               ; Lost fanout        ;
; MyRAM~74                               ; Lost fanout        ;
; MyRAM~75                               ; Lost fanout        ;
; MyRAM~76                               ; Lost fanout        ;
; MyRAM~77                               ; Lost fanout        ;
; MyRAM~78                               ; Lost fanout        ;
; MyRAM~79                               ; Lost fanout        ;
; MyRAM~80                               ; Lost fanout        ;
; MyRAM~81                               ; Lost fanout        ;
; MyRAM~82                               ; Lost fanout        ;
; MyRAM~83                               ; Lost fanout        ;
; MyRAM~84                               ; Lost fanout        ;
; MyRAM~85                               ; Lost fanout        ;
; MyRAM~86                               ; Lost fanout        ;
; MyRAM~87                               ; Lost fanout        ;
; MyRAM~88                               ; Lost fanout        ;
; MyRAM~89                               ; Lost fanout        ;
; MyRAM~90                               ; Lost fanout        ;
; MyRAM~91                               ; Lost fanout        ;
; MyRAM~92                               ; Lost fanout        ;
; MyRAM~93                               ; Lost fanout        ;
; MyRAM~94                               ; Lost fanout        ;
; MyRAM~95                               ; Lost fanout        ;
; MyRAM~96                               ; Lost fanout        ;
; MyRAM~97                               ; Lost fanout        ;
; MyRAM~98                               ; Lost fanout        ;
; MyRAM~99                               ; Lost fanout        ;
; MyRAM~100                              ; Lost fanout        ;
; MyRAM~101                              ; Lost fanout        ;
; MyRAM~102                              ; Lost fanout        ;
; MyRAM~103                              ; Lost fanout        ;
; MyRAM~104                              ; Lost fanout        ;
; MyRAM~105                              ; Lost fanout        ;
; MyRAM~106                              ; Lost fanout        ;
; MyRAM~107                              ; Lost fanout        ;
; MyRAM~108                              ; Lost fanout        ;
; MyRAM~109                              ; Lost fanout        ;
; MyRAM~110                              ; Lost fanout        ;
; MyRAM~111                              ; Lost fanout        ;
; MyRAM~112                              ; Lost fanout        ;
; MyRAM~113                              ; Lost fanout        ;
; MyRAM~114                              ; Lost fanout        ;
; MyRAM~115                              ; Lost fanout        ;
; MyRAM~116                              ; Lost fanout        ;
; MyRAM~117                              ; Lost fanout        ;
; MyRAM~118                              ; Lost fanout        ;
; MyRAM~119                              ; Lost fanout        ;
; MyRAM~120                              ; Lost fanout        ;
; MyRAM~121                              ; Lost fanout        ;
; MyRAM~122                              ; Lost fanout        ;
; MyRAM~123                              ; Lost fanout        ;
; MyRAM~124                              ; Lost fanout        ;
; MyRAM~125                              ; Lost fanout        ;
; MyRAM~126                              ; Lost fanout        ;
; MyRAM~127                              ; Lost fanout        ;
; MyRAM~128                              ; Lost fanout        ;
; MyRAM~129                              ; Lost fanout        ;
; MyRAM~130                              ; Lost fanout        ;
; MyRAM~131                              ; Lost fanout        ;
; MyRAM~132                              ; Lost fanout        ;
; MyRAM~133                              ; Lost fanout        ;
; MyRAM~134                              ; Lost fanout        ;
; MyRAM~135                              ; Lost fanout        ;
; MyRAM~136                              ; Lost fanout        ;
; MyRAM~137                              ; Lost fanout        ;
; MyRAM~138                              ; Lost fanout        ;
; MyRAM~139                              ; Lost fanout        ;
; MyRAM~140                              ; Lost fanout        ;
; MyRAM~141                              ; Lost fanout        ;
; MyRAM~142                              ; Lost fanout        ;
; MyRAM~143                              ; Lost fanout        ;
; MyRAM~144                              ; Lost fanout        ;
; MyRAM~145                              ; Lost fanout        ;
; MyRAM~146                              ; Lost fanout        ;
; MyRAM~147                              ; Lost fanout        ;
; Total Number of Removed Registers = 96 ;                    ;
+----------------------------------------+--------------------+


+------------------------------------------------------+
; General Register Statistics                          ;
+----------------------------------------------+-------+
; Statistic                                    ; Value ;
+----------------------------------------------+-------+
; Total registers                              ; 66    ;
; Number of registers using Synchronous Clear  ; 0     ;
; Number of registers using Synchronous Load   ; 16    ;
; Number of registers using Asynchronous Clear ; 16    ;
; Number of registers using Asynchronous Load  ; 0     ;
; Number of registers using Clock Enable       ; 48    ;
; Number of registers using Preset             ; 0     ;
+----------------------------------------------+-------+


+-----------------------------------------------------------------------------------------------------------------------------------------------------------+
; Multiplexer Restructuring Statistics (Restructuring Performed)                                                                                            ;
+--------------------+-----------+---------------+----------------------+------------------------+------------+---------------------------------------------+
; Multiplexer Inputs ; Bus Width ; Baseline Area ; Area if Restructured ; Saving if Restructured ; Registered ; Example Multiplexer Output                  ;
+--------------------+-----------+---------------+----------------------+------------------------+------------+---------------------------------------------+
; 6:1                ; 16 bits   ; 64 LEs        ; 32 LEs               ; 32 LEs                 ; Yes        ; |MIPS_Processor|destnation_register[4]~reg0 ;
; 21:1               ; 3 bits    ; 42 LEs        ; 3 LEs                ; 39 LEs                 ; Yes        ; |MIPS_Processor|pc_current[4]               ;
; 16:1               ; 3 bits    ; 30 LEs        ; 3 LEs                ; 27 LEs                 ; Yes        ; |MIPS_Processor|pc_current[0]               ;
; 4:1                ; 16 bits   ; 32 LEs        ; 32 LEs               ; 0 LEs                  ; No         ; |MIPS_Processor|Mux57                       ;
; 4:1                ; 12 bits   ; 24 LEs        ; 12 LEs               ; 12 LEs                 ; No         ; |MIPS_Processor|Mux32                       ;
; 4:1                ; 3 bits    ; 6 LEs         ; 6 LEs                ; 0 LEs                  ; No         ; |MIPS_Processor|Mux43                       ;
; 8:1                ; 15 bits   ; 75 LEs        ; 75 LEs               ; 0 LEs                  ; No         ; |MIPS_Processor|Mux23                       ;
+--------------------+-----------+---------------+----------------------+------------------------+------------+---------------------------------------------+


+-------------------------------------------------------------------------------------+
; Parameter Settings for Inferred Entity Instance: lpm_mult:Mult0                     ;
+------------------------------------------------+--------------+---------------------+
; Parameter Name                                 ; Value        ; Type                ;
+------------------------------------------------+--------------+---------------------+
; AUTO_CARRY_CHAINS                              ; ON           ; AUTO_CARRY          ;
; IGNORE_CARRY_BUFFERS                           ; OFF          ; IGNORE_CARRY        ;
; AUTO_CASCADE_CHAINS                            ; ON           ; AUTO_CASCADE        ;
; IGNORE_CASCADE_BUFFERS                         ; OFF          ; IGNORE_CASCADE      ;
; LPM_WIDTHA                                     ; 8            ; Untyped             ;
; LPM_WIDTHB                                     ; 8            ; Untyped             ;
; LPM_WIDTHP                                     ; 16           ; Untyped             ;
; LPM_WIDTHR                                     ; 16           ; Untyped             ;
; LPM_WIDTHS                                     ; 1            ; Untyped             ;
; LPM_REPRESENTATION                             ; UNSIGNED     ; Untyped             ;
; LPM_PIPELINE                                   ; 0            ; Untyped             ;
; LATENCY                                        ; 0            ; Untyped             ;
; INPUT_A_IS_CONSTANT                            ; NO           ; Untyped             ;
; INPUT_B_IS_CONSTANT                            ; NO           ; Untyped             ;
; USE_EAB                                        ; OFF          ; Untyped             ;
; MAXIMIZE_SPEED                                 ; 5            ; Untyped             ;
; DEVICE_FAMILY                                  ; Cyclone IV E ; Untyped             ;
; CARRY_CHAIN                                    ; MANUAL       ; Untyped             ;
; APEX20K_TECHNOLOGY_MAPPER                      ; LUT          ; TECH_MAPPER_APEX20K ;
; DEDICATED_MULTIPLIER_CIRCUITRY                 ; AUTO         ; Untyped             ;
; DEDICATED_MULTIPLIER_MIN_INPUT_WIDTH_FOR_AUTO  ; 0            ; Untyped             ;
; DEDICATED_MULTIPLIER_MIN_OUTPUT_WIDTH_FOR_AUTO ; 0            ; Untyped             ;
; CBXI_PARAMETER                                 ; mult_aat     ; Untyped             ;
; INPUT_A_FIXED_VALUE                            ; Bx           ; Untyped             ;
; INPUT_B_FIXED_VALUE                            ; Bx           ; Untyped             ;
; USE_AHDL_IMPLEMENTATION                        ; OFF          ; Untyped             ;
+------------------------------------------------+--------------+---------------------+
Note: In order to hide this table in the UI and the text report file, please set the "Show Parameter Settings in Synthesis Report" option in "Analysis and Synthesis Settings -> More Settings" to "Off".


+--------------------------------------------------------+
; lpm_mult Parameter Settings by Entity Instance         ;
+---------------------------------------+----------------+
; Name                                  ; Value          ;
+---------------------------------------+----------------+
; Number of entity instances            ; 1              ;
; Entity Instance                       ; lpm_mult:Mult0 ;
;     -- LPM_WIDTHA                     ; 8              ;
;     -- LPM_WIDTHB                     ; 8              ;
;     -- LPM_WIDTHP                     ; 16             ;
;     -- LPM_REPRESENTATION             ; UNSIGNED       ;
;     -- INPUT_A_IS_CONSTANT            ; NO             ;
;     -- INPUT_B_IS_CONSTANT            ; NO             ;
;     -- USE_EAB                        ; OFF            ;
;     -- DEDICATED_MULTIPLIER_CIRCUITRY ; AUTO           ;
;     -- INPUT_A_FIXED_VALUE            ; Bx             ;
;     -- INPUT_B_FIXED_VALUE            ; Bx             ;
+---------------------------------------+----------------+


+-----------------------------------------------------+
; Post-Synthesis Netlist Statistics for Top Partition ;
+-----------------------+-----------------------------+
; Type                  ; Count                       ;
+-----------------------+-----------------------------+
; boundary_port         ; 26                          ;
; cycloneiii_ff         ; 66                          ;
;     CLR               ; 16                          ;
;     ENA               ; 32                          ;
;     ENA SLD           ; 16                          ;
;     plain             ; 2                           ;
; cycloneiii_lcell_comb ; 278                         ;
;     arith             ; 67                          ;
;         2 data inputs ; 31                          ;
;         3 data inputs ; 36                          ;
;     normal            ; 211                         ;
;         1 data inputs ; 3                           ;
;         2 data inputs ; 26                          ;
;         3 data inputs ; 81                          ;
;         4 data inputs ; 101                         ;
; cycloneiii_mac_mult   ; 1                           ;
; cycloneiii_mac_out    ; 1                           ;
;                       ;                             ;
; Max LUT depth         ; 9.70                        ;
; Average LUT depth     ; 6.64                        ;
+-----------------------+-----------------------------+


+-------------------------------+
; Elapsed Time Per Partition    ;
+----------------+--------------+
; Partition Name ; Elapsed Time ;
+----------------+--------------+
; Top            ; 00:00:00     ;
+----------------+--------------+


+-------------------------------+
; Analysis & Synthesis Messages ;
+-------------------------------+
Info: *******************************************************************
Info: Running Quartus Prime Analysis & Synthesis
    Info: Version 21.1.0 Build 842 10/21/2021 SJ Lite Edition
    Info: Processing started: Mon Dec 25 08:26:01 2023
Info: Command: quartus_map --read_settings_files=on --write_settings_files=off MIPS_Processor -c MIPS_Processor
Warning (18236): Number of processors has not been specified which may cause overloading on shared machines.  Set the global assignment NUM_PARALLEL_PROCESSORS in your QSF to an appropriate value for best performance.
Info (20030): Parallel compilation is enabled and will use 12 of the 12 processors detected
Info (12021): Found 2 design units, including 1 entities, in source file mips_processor.vhd
    Info (12022): Found design unit 1: MIPS_Processor-arc File: D:/Y2S1/Computer Architecture/MIPS_Processor/MIPS_Processor.vhd Line: 13
    Info (12023): Found entity 1: MIPS_Processor File: D:/Y2S1/Computer Architecture/MIPS_Processor/MIPS_Processor.vhd Line: 5
Info (12127): Elaborating entity "MIPS_Processor" for the top level hierarchy
Warning (10036): Verilog HDL or VHDL warning at MIPS_Processor.vhd(39): object "alu_func" assigned a value but never read File: D:/Y2S1/Computer Architecture/MIPS_Processor/MIPS_Processor.vhd Line: 39
Warning (10036): Verilog HDL or VHDL warning at MIPS_Processor.vhd(40): object "instruction_register" assigned a value but never read File: D:/Y2S1/Computer Architecture/MIPS_Processor/MIPS_Processor.vhd Line: 40
Warning (10036): Verilog HDL or VHDL warning at MIPS_Processor.vhd(41): object "SF" assigned a value but never read File: D:/Y2S1/Computer Architecture/MIPS_Processor/MIPS_Processor.vhd Line: 41
Warning (10541): VHDL Signal Declaration warning at MIPS_Processor.vhd(43): used implicit default value for signal "WE" because signal was never assigned a value or an explicit default value. Use of implicit default value may introduce unintended design optimizations. File: D:/Y2S1/Computer Architecture/MIPS_Processor/MIPS_Processor.vhd Line: 43
Warning (10030): Net "M.data_a" at MIPS_Processor.vhd(36) has no driver or initial value, using a default initial value '0' File: D:/Y2S1/Computer Architecture/MIPS_Processor/MIPS_Processor.vhd Line: 36
Warning (10030): Net "M.waddr_a" at MIPS_Processor.vhd(36) has no driver or initial value, using a default initial value '0' File: D:/Y2S1/Computer Architecture/MIPS_Processor/MIPS_Processor.vhd Line: 36
Warning (10030): Net "M.we_a" at MIPS_Processor.vhd(36) has no driver or initial value, using a default initial value '0' File: D:/Y2S1/Computer Architecture/MIPS_Processor/MIPS_Processor.vhd Line: 36
Info (276014): Found 2 instances of uninferred RAM logic
    Info (276004): RAM logic "MyRAM" is uninferred due to inappropriate RAM size File: D:/Y2S1/Computer Architecture/MIPS_Processor/MIPS_Processor.vhd Line: 16
    Info (276007): RAM logic "M" is uninferred due to asynchronous read logic File: D:/Y2S1/Computer Architecture/MIPS_Processor/MIPS_Processor.vhd Line: 36
Info (278001): Inferred 1 megafunctions from design logic
    Info (278003): Inferred multiplier megafunction ("lpm_mult") from the following logic: "Mult0" File: D:/Y2S1/Computer Architecture/MIPS_Processor/MIPS_Processor.vhd Line: 94
Info (12130): Elaborated megafunction instantiation "lpm_mult:Mult0" File: D:/Y2S1/Computer Architecture/MIPS_Processor/MIPS_Processor.vhd Line: 94
Info (12133): Instantiated megafunction "lpm_mult:Mult0" with the following parameter: File: D:/Y2S1/Computer Architecture/MIPS_Processor/MIPS_Processor.vhd Line: 94
    Info (12134): Parameter "LPM_WIDTHA" = "8"
    Info (12134): Parameter "LPM_WIDTHB" = "8"
    Info (12134): Parameter "LPM_WIDTHP" = "16"
    Info (12134): Parameter "LPM_WIDTHR" = "16"
    Info (12134): Parameter "LPM_WIDTHS" = "1"
    Info (12134): Parameter "LPM_REPRESENTATION" = "UNSIGNED"
    Info (12134): Parameter "INPUT_A_IS_CONSTANT" = "NO"
    Info (12134): Parameter "INPUT_B_IS_CONSTANT" = "NO"
    Info (12134): Parameter "MAXIMIZE_SPEED" = "5"
Info (12021): Found 1 design units, including 1 entities, in source file db/mult_aat.tdf
    Info (12023): Found entity 1: mult_aat File: D:/Y2S1/Computer Architecture/MIPS_Processor/db/mult_aat.tdf Line: 29
Info (286030): Timing-Driven Synthesis is running
Info (17049): 96 registers lost all their fanouts during netlist optimizations.
Info (16010): Generating hard_block partition "hard_block:auto_generated_inst"
    Info (16011): Adding 0 node(s), including 0 DDIO, 0 PLL, 0 transceiver and 0 LCELL
Info (21057): Implemented 345 device resources after synthesis - the final resource count might be different
    Info (21058): Implemented 2 input pins
    Info (21059): Implemented 24 output pins
    Info (21061): Implemented 318 logic cells
    Info (21062): Implemented 1 DSP elements
Info: Quartus Prime Analysis & Synthesis was successful. 0 errors, 8 warnings
    Info: Peak virtual memory: 4869 megabytes
    Info: Processing ended: Mon Dec 25 08:26:09 2023
    Info: Elapsed time: 00:00:08
    Info: Total CPU time (on all processors): 00:00:07


